mode: set
search/NodeSearch.go:17.35,21.22 4 1
search/NodeSearch.go:21.22,22.26 1 1
search/NodeSearch.go:22.26,24.4 1 1
search/NodeSearch.go:24.9,25.19 1 1
search/NodeSearch.go:25.19,26.51 1 1
search/NodeSearch.go:26.51,28.6 1 1
search/NodeSearch.go:30.4,30.11 1 1
search/NodeSearch.go:33.2,33.17 1 1
search/NodeSearch.go:33.17,34.49 1 1
search/NodeSearch.go:34.49,36.4 1 1
search/NodeSearch.go:39.2,41.23 3 1
search/NodeSearch.go:41.23,44.3 2 1
search/NodeSearch.go:45.2,45.12 1 1
search/NodeSearch.go:53.22,58.2 1 1
search/NodeSearch.go:59.40,63.32 4 0
search/NodeSearch.go:63.32,67.3 2 0
search/NodeSearch.go:69.54,71.20 2 1
search/NodeSearch.go:71.20,73.3 1 1
search/NodeSearch.go:74.2,75.39 2 1
search/NodeSearch.go:75.39,77.3 1 1
search/NodeSearch.go:77.8,81.3 3 1
search/NodeSearch.go:83.51,84.22 1 1
search/NodeSearch.go:84.22,86.3 1 1
search/NodeSearch.go:88.45,89.20 1 1
search/NodeSearch.go:89.20,91.3 1 1
search/NodeSearch.go:92.2,92.44 1 1
search/NodeSearch.go:92.44,94.3 1 1
search/NodeSearch.go:95.2,95.16 1 1
search/NodeSearch.go:97.45,101.26 4 1
search/NodeSearch.go:101.26,103.13 2 1
search/NodeSearch.go:103.13,104.24 1 1
search/NodeSearch.go:104.24,106.5 1 1
search/NodeSearch.go:107.9,108.24 1 1
search/NodeSearch.go:108.24,109.28 1 1
search/NodeSearch.go:109.28,111.6 1 1
search/NodeSearch.go:115.2,116.24 2 1
search/NodeSearch.go:116.24,117.22 1 1
search/NodeSearch.go:117.22,119.4 1 1
search/NodeSearch.go:121.2,122.10 2 1
search/NodeSearch.go:124.50,126.26 2 1
search/NodeSearch.go:126.26,128.3 1 1
search/NodeSearch.go:130.31,132.30 2 1
search/NodeSearch.go:132.30,134.3 1 1
search/NodeSearch.go:135.2,135.18 1 1
